<?xml version="1.0" encoding="UTF-8"?>
<!-- Generated by org.testng.reporters.JUnitReportReporter -->
<testsuite hostname="BPLT11422" name="Test.IAT_ItemBankSuite_District" tests="2" failures="0" timestamp="6 Oct 2014 15:30:36 GMT" time="248.249" errors="1">
  <testcase name="TC_Passa_HideComment_District" time="139.174" classname="Test.IAT_ItemBankSuite_District">
    <error type="java.lang.AssertionError" message="TestCase execution failed.More Than 3 steps failed. Aborting the test The Failed Steps are 46, 
47, 
48, 
49, 
">
      <![CDATA[java.lang.AssertionError: TestCase execution failed.More Than 3 steps failed. Aborting the test The Failed Steps are 46, 
47, 
48, 
49, 

	at org.testng.Assert.fail(Assert.java:83)
	at DRC.AutomationFramework.TestManagement.BaseTestCase.executeTest(BaseTestCase.java:184)
	at Test.IAT_ItemBankSuite_District.TC_Passa_HideComment_District(IAT_ItemBankSuite_District.java:30)
	at sun.reflect.NativeMethodAccessorImpl.invoke0(Native Method)
	at sun.reflect.NativeMethodAccessorImpl.invoke(NativeMethodAccessorImpl.java:62)
	at sun.reflect.DelegatingMethodAccessorImpl.invoke(DelegatingMethodAccessorImpl.java:43)
	at java.lang.reflect.Method.invoke(Method.java:483)
	at org.testng.internal.MethodInvocationHelper.invokeMethod(MethodInvocationHelper.java:84)
	at org.testng.internal.Invoker.invokeMethod(Invoker.java:714)
	at org.testng.internal.Invoker.invokeTestMethod(Invoker.java:901)
	at org.testng.internal.Invoker.invokeTestMethods(Invoker.java:1231)
	at org.testng.internal.TestMethodWorker.invokeTestMethods(TestMethodWorker.java:127)
	at org.testng.internal.TestMethodWorker.run(TestMethodWorker.java:111)
	at java.util.concurrent.ThreadPoolExecutor.runWorker(ThreadPoolExecutor.java:1142)
	at java.util.concurrent.ThreadPoolExecutor$Worker.run(ThreadPoolExecutor.java:617)
	at java.lang.Thread.run(Thread.java:745)
Caused by: DRC.AutomationFramework.Exceptions.TestCaseFailureException: TestCase execution failed.
****************Test Case Execution Starting****************
Start executing Test Case : TC_Passa_HideComment_District from Test Suite : IAT_ItemBankSuite_District
Step # 1-->Click>> 'Link_LogOn' was clicked in the page 'Log On'
Step # 2-->EnterText>> 'TestUser@drc-mn.com' was entered in the field 'Text_EmailAddress' in the page 'Log On'
Step # 3-->EnterText>> 'Testing123' was entered in the field 'Text_Password' in the page 'Log On'
Step # 4-->Click>> 'Button_Logon' was clicked in the page 'Log On'
Step # 5-->Click>> 'Radio_2ndProfile' was clicked in the page 'PopUp Choose Profile'
Step # 6-->Click>> 'Button_Submit' was clicked in the page 'PopUp Choose Profile'
Step # 7-->Click>> 'Menu_OpenMenu' was clicked in the page 'Home'
Step # 8-->Click>> 'Menu_ItemBank' was clicked in the page 'Home'
Step # 9-->Click>> 'Tab_Item bank_Passages' was clicked in the page 'Item Bank'
Step # 10-->EnterText>> 'Grade 03' was entered in the field 'Text_Passages_Filter By' in the page 'Item Bank'
Step # 11-->Click>> 'Button_Passages_FilterBySearch' was clicked in the page 'Item Bank'
Step # 12-->Click>> 'Link_PassagesTable_Identifier' was clicked in the page 'Item Bank'
Step # 13-->CaptureWebTextInToInteger>> Total number items for the 'Label_PassageDetailPage_Identifier' is :1000184  in the page 'Item Details Page'
Step # 14-->VerifyTableExist>>  Table 'commentTable' exists in the page 'Item Details Page'
Step # 15-->VerifyImageExist>> 'Image_Comment' exists in the field in the page 'Passage Details Page'
Step # 16-->Click>> 'Image_Comment' was clicked in the page 'Passage Details Page'
Step # 17-->VerifyLabel>> 'New Comment' exists in the field: Label_Popup_Header in the page 'New Comment PopUp'
Step # 18-->VerifyLabel>> 'Comment Text' exists in the field: Label_CommentText in the page 'New Comment PopUp'
Step # 19-->EnterText>> 'Comment6988' was entered in the field 'Text_CommentText' in the page 'New Comment PopUp'
Step # 20-->Click>> 'Button_Comment_Save' was clicked in the page 'New Comment PopUp'
Step # 21-->VerifyLabel>> 'Comment' exists in the field: Label_Comment in the page 'Passage Details Page'
Step # 22-->VerifyLabel>> 'Date' exists in the field: Label_CommentTable_Date in the page 'Passage Details Page'
Step # 23-->VerifyLabel>> 'User' exists in the field: Label_CommentTable_User in the page 'Passage Details Page'
Step # 24-->VerifyRowText>> WebRowText'skip&Comment6988&skip&skip&skip' exists in the page 'Passage Details Page'
Step # 25-->Click>> 'Dynamic' was clicked in the page ''
Step # 26-->VerifyImageTitle>> 'hide' does not exist in the field: Image_HideImage in the page 'CommentTable'
Step # 27-->VerifyLink>> Link 'Switch Profile'EXIST in the field in the page 'Home'
Step # 27-->VerifyLink>> Link 'Switch Profile'EXIST in the field in the page 'Home'
Step # 28-->Click>> 'Link_SwitchProfile' was clicked in the page 'Home'
Step # 29-->Click>> 'Radio_4thProfile' was clicked in the page 'PopUp Choose Profile'
Step # 30-->Click>> 'Button_Submit' was clicked in the page 'PopUp Choose Profile'
Step # 31-->Click>> 'Menu_OpenMenu' was clicked in the page 'Home'
Step # 32-->Click>> 'Menu_ItemBank' was clicked in the page 'Home'
Step # 33-->Click>> 'Tab_ItemBank_Passages_State' was clicked in the page 'Item Bank'
Step # 34-->EnterText>> '1000184' was entered in the field 'Text_Passages_Filter By' in the page 'Item Bank'
Step # 35-->Click>> 'Button_Passages_FilterBySearch' was clicked in the page 'Item Bank'
Step # 36-->Click>> 'Link_PassagesTable_Identifier' was clicked in the page 'Item Bank'
Step # 37-->VerifyLabel>> 'Welcome, TestUser@drc-mn.com (EPM)' exists in the field: Label_PageHead in the page 'Home'
Step # 38-->Click>> 'Dynamic' was clicked in the page ''
Step # 39-->>> If Statement evaluated to FALSE Skipping the steps until EndIf is encountered
Step # 40-->>> If Statement evaluated to FALSE Skipping (this is okay) 'Image_HideImage' with the condition applied ''Click'
Step # 41-->>> If Statement evaluated to FALSE Skipping (this is okay) 'Label_Popup_Header' with the condition applied 'Exist_Show Comment'VerifyLabel'
Step # 42-->>> If Statement evaluated to FALSE Skipping (this is okay) 'Label_PopUpInfo' with the condition applied 'Exist_Are you sure you want to show this comment?'VerifyLabel'
Step # 43-->>> If Statement evaluated to FALSE Skipping (this is okay) 'Button_Hide' with the condition applied ''Click'
Step # 44-->EndIf>> EndIf encountered normal execution will resume'
Step # 45-->Click>> 'Image_HideImage' was clicked in the page 'CommentTable'
Screenshot saved at: 
\\sqafs01\qadoc\DRCAutomation\DRCWebTestingFrameWork\IAT\TestResult\apeterson-10-06-2014_102621\VISTA\chrome\TC_Passa_HideComment_District\ScreenShot\Step#46.BMP
********************Step Failure********************
Step # 46--> Test failed for action: VerifyLabel
 on field: Label_Popup_Header with value of: Hide Comment
Screenshot saved at: 
\\sqafs01\qadoc\DRCAutomation\DRCWebTestingFrameWork\IAT\TestResult\apeterson-10-06-2014_102621\VISTA\chrome\TC_Passa_HideComment_District\ScreenShot\Step#46.BMP
********************Step Failure********************
Step # 47--> Test failed for action: VerifyLabel
 on field: Label_PopUpInfo with value of: Are you sure you want to hide this comment?
Screenshot saved at: 
\\sqafs01\qadoc\DRCAutomation\DRCWebTestingFrameWork\IAT\TestResult\apeterson-10-06-2014_102621\VISTA\chrome\TC_Passa_HideComment_District\ScreenShot\Step#47.BMP
********************Step Failure********************
Step # 48--> Test failed for action: Click
 on field: Button_Hide with value of: 
Screenshot saved at: 
\\sqafs01\qadoc\DRCAutomation\DRCWebTestingFrameWork\IAT\TestResult\apeterson-10-06-2014_102621\VISTA\chrome\TC_Passa_HideComment_District\ScreenShot\Step#48.BMP
********************Step Failure********************
Step # 49--> Test failed for action: VerifyImageExist
 on field: Image_HiddenComment with value of: Exist
Screenshot saved at: 
\\sqafs01\qadoc\DRCAutomation\DRCWebTestingFrameWork\IAT\TestResult\apeterson-10-06-2014_102621\VISTA\chrome\TC_Passa_HideComment_District\ScreenShot\Step#49.BMP
***Aborting Test***
More Than 3 steps failed. Aborting the test The Failed Steps are 46, 
47, 
48, 
49, 

End executing Test Case : TC_Passa_HideComment_District from Test Suite : IAT_ItemBankSuite_District
TestCase Failed: TC_Passa_HideComment_District



********************Step Failure********************
--------------Exception details for:-------------------
Step # 46--> Test failed for action: VerifyLabel
 on field: Label_Popup_Header with value of: Hide Comment

Step # 46-->VerifyLabel>> 'Hide Comment' does not exist in the field: Label_Popup_Header in the page 'Hide Comment PopUp'

********************Step Failure********************
--------------Exception details for:-------------------
Step # 47--> Test failed for action: VerifyLabel
 on field: Label_PopUpInfo with value of: Are you sure you want to hide this comment?

Step # 47-->VerifyLabel>> Label 'Label_PopUpInfo does not exist in the page 'Hide Comment PopUp'

********************Step Failure********************
--------------Exception details for:-------------------
Step # 48--> Test failed for action: Click
 on field: Button_Hide with value of: 

null

********************Step Failure********************
--------------Exception details for:-------------------
Step # 49--> Test failed for action: VerifyImageExist
 on field: Image_HiddenComment with value of: Exist

Step # 49-->VerifyImageExist>> 'Image_HiddenComment' does not exist in the field in the page 'CommentTable'

	at DRC.AutomationFramework.TestManagement.BaseTestCase.executeTest(BaseTestCase.java:179)
	... 14 more
]]>
    </error>
  </testcase> <!-- TC_Passa_HideComment_District -->
  <testcase name="TC_Item_HideComment_District" time="109.075" classname="Test.IAT_ItemBankSuite_District"/>
</testsuite> <!-- Test.IAT_ItemBankSuite_District -->
