<?xml version="1.0" encoding="UTF-8"?>
<!-- Generated by org.testng.reporters.JUnitReportReporter -->
<testsuite hostname="BPLT11422" name="Test.IAT_ItemBankSuite_State" tests="1" failures="0" timestamp="8 Oct 2014 23:51:51 GMT" time="12.428" errors="1">
  <testcase name="TC_Item_HideComment_State" time="12.428" classname="Test.IAT_ItemBankSuite_State">
    <error type="java.lang.AssertionError" message="TestCase execution failed.More Than 3 steps failed. Aborting the test The Failed Steps are 2, 
3, 
4, 
5, 
">
      <![CDATA[java.lang.AssertionError: TestCase execution failed.More Than 3 steps failed. Aborting the test The Failed Steps are 2, 
3, 
4, 
5, 

	at org.testng.Assert.fail(Assert.java:83)
	at com.drc.wtf.testmanagement.BaseTestCase.executeTest(BaseTestCase.java:185)
	at Test.IAT_ItemBankSuite_State.TC_Item_HideComment_State(IAT_ItemBankSuite_State.java:19)
	at sun.reflect.NativeMethodAccessorImpl.invoke0(Native Method)
	at sun.reflect.NativeMethodAccessorImpl.invoke(NativeMethodAccessorImpl.java:62)
	at sun.reflect.DelegatingMethodAccessorImpl.invoke(DelegatingMethodAccessorImpl.java:43)
	at java.lang.reflect.Method.invoke(Method.java:483)
	at org.testng.internal.MethodInvocationHelper.invokeMethod(MethodInvocationHelper.java:84)
	at org.testng.internal.Invoker.invokeMethod(Invoker.java:714)
	at org.testng.internal.Invoker.invokeTestMethod(Invoker.java:901)
	at org.testng.internal.Invoker.invokeTestMethods(Invoker.java:1231)
	at org.testng.internal.TestMethodWorker.invokeTestMethods(TestMethodWorker.java:127)
	at org.testng.internal.TestMethodWorker.run(TestMethodWorker.java:111)
	at java.util.concurrent.ThreadPoolExecutor.runWorker(ThreadPoolExecutor.java:1142)
	at java.util.concurrent.ThreadPoolExecutor$Worker.run(ThreadPoolExecutor.java:617)
	at java.lang.Thread.run(Thread.java:745)
Caused by: com.drc.wtf.exceptions.TestCaseFailureException: TestCase execution failed.
****************Test Case Execution Starting****************
Start executing Test Case : TC_Item_HideComment_State from Test Suite : IAT_ItemBankSuite_State
********************Step Failure********************
Step # 2--> Test failed for action: EnterText
 on field: Text_EmailAddress with value of: TestUser@drc-mn.com
Screenshot saved at: 
\\sqafs01\qadoc\DRCAutomation\DRCWebTestingFrameWork\IAT\TestResult\apeterson-10-08-2014_185134\VISTA\chrome\TC_Item_HideComment_State\ScreenShot\Step#2.BMP
********************Step Failure********************
Step # 3--> Test failed for action: EnterText
 on field: Text_Password with value of: Testing123
Screenshot saved at: 
\\sqafs01\qadoc\DRCAutomation\DRCWebTestingFrameWork\IAT\TestResult\apeterson-10-08-2014_185134\VISTA\chrome\TC_Item_HideComment_State\ScreenShot\Step#3.BMP
********************Step Failure********************
Step # 4--> Test failed for action: Click
 on field: Button_Logon with value of: 
Screenshot saved at: 
\\sqafs01\qadoc\DRCAutomation\DRCWebTestingFrameWork\IAT\TestResult\apeterson-10-08-2014_185134\VISTA\chrome\TC_Item_HideComment_State\ScreenShot\Step#4.BMP
********************Step Failure********************
Step # 5--> Test failed for action: Click
 on field: Radio_1stProfile with value of: 4
Screenshot saved at: 
\\sqafs01\qadoc\DRCAutomation\DRCWebTestingFrameWork\IAT\TestResult\apeterson-10-08-2014_185134\VISTA\chrome\TC_Item_HideComment_State\ScreenShot\Step#5.BMP
***Aborting Test***
More Than 3 steps failed. Aborting the test The Failed Steps are 2, 
3, 
4, 
5, 

End executing Test Case : TC_Item_HideComment_State from Test Suite : IAT_ItemBankSuite_State
TestCase Failed: TC_Item_HideComment_State



********************Step Failure********************
--------------Exception details for:-------------------
Step # 2--> Test failed for action: EnterText
 on field: Text_EmailAddress with value of: TestUser@drc-mn.com

Step # 2-->EnterText>> is not a keyword in the Testing Framework
Step # 2--> Test failed

********************Step Failure********************
--------------Exception details for:-------------------
Step # 3--> Test failed for action: EnterText
 on field: Text_Password with value of: Testing123

Step # 3-->EnterText>> is not a keyword in the Testing Framework
Step # 3--> Test failed

********************Step Failure********************
--------------Exception details for:-------------------
Step # 4--> Test failed for action: Click
 on field: Button_Logon with value of: 

Step # 4-->Click>> is not a keyword in the Testing Framework
Step # 4--> Test failed

********************Step Failure********************
--------------Exception details for:-------------------
Step # 5--> Test failed for action: Click
 on field: Radio_1stProfile with value of: 4

Step # 5-->Click>> is not a keyword in the Testing Framework
Step # 5--> Test failed

	at com.drc.wtf.testmanagement.BaseTestCase.executeTest(BaseTestCase.java:180)
	... 14 more
]]>
    </error>
  </testcase> <!-- TC_Item_HideComment_State -->
</testsuite> <!-- Test.IAT_ItemBankSuite_State -->
