<?xml version="1.0" encoding="UTF-8"?>
<!-- Generated by org.testng.reporters.JUnitReportReporter -->
<testsuite hostname="BPLT11422" name="Test.IAT_Fall_TestSessionByUser" tests="1" failures="0" timestamp="29 Sep 2014 21:33:28 GMT" time="84.805" errors="1">
  <testcase name="TC_StudentTestingReport_EPM" time="84.805" classname="Test.IAT_Fall_TestSessionByUser">
    <error type="java.lang.AssertionError" message="TestCase execution failed.More Than 3 steps failed. Aborting the test The Failed Steps are 28, 
29, 
30, 
31, 
">
      <![CDATA[java.lang.AssertionError: TestCase execution failed.More Than 3 steps failed. Aborting the test The Failed Steps are 28, 
29, 
30, 
31, 

	at org.testng.Assert.fail(Assert.java:83)
	at DRC.AutomationFramework.TestManagement.BaseTestCase.executeTest(BaseTestCase.java:182)
	at Test.IAT_Fall_TestSessionByUser.TC_StudentTestingReport_EPM(IAT_Fall_TestSessionByUser.java:19)
	at sun.reflect.NativeMethodAccessorImpl.invoke0(Native Method)
	at sun.reflect.NativeMethodAccessorImpl.invoke(NativeMethodAccessorImpl.java:62)
	at sun.reflect.DelegatingMethodAccessorImpl.invoke(DelegatingMethodAccessorImpl.java:43)
	at java.lang.reflect.Method.invoke(Method.java:483)
	at org.testng.internal.MethodInvocationHelper.invokeMethod(MethodInvocationHelper.java:84)
	at org.testng.internal.Invoker.invokeMethod(Invoker.java:714)
	at org.testng.internal.Invoker.invokeTestMethod(Invoker.java:901)
	at org.testng.internal.Invoker.invokeTestMethods(Invoker.java:1231)
	at org.testng.internal.TestMethodWorker.invokeTestMethods(TestMethodWorker.java:127)
	at org.testng.internal.TestMethodWorker.run(TestMethodWorker.java:111)
	at java.util.concurrent.ThreadPoolExecutor.runWorker(ThreadPoolExecutor.java:1142)
	at java.util.concurrent.ThreadPoolExecutor$Worker.run(ThreadPoolExecutor.java:617)
	at java.lang.Thread.run(Thread.java:745)
Caused by: DRC.AutomationFramework.Exceptions.TestCaseFailureException: TestCase execution failed.
****************Test Case Execution Starting****************
Start executing Test Case : TC_StudentTestingReport_EPM from Test Suite : IAT_Fall_TestSessionByUser
Step # 1-->Click>> 'Link_LogOn' was clicked in the page 'Log On'
Step # 3-->EnterText>> 'TestUser@drc-mn.com' was entered in the field 'Text_EmailAddress' in the page 'Home'
Step # 4-->EnterText>> 'Testing123' was entered in the field 'Text_Password' in the page 'Home'
Step # 5-->Click>> 'Button_Logon' was clicked in the page 'Home'
Step # 6-->Wait>> Script is SKIPPING waiting for '8' seconds.
Step # 7-->Click>> 'Radio_5thProfile' was clicked in the page 'PopUp Choose Profile'
Step # 8-->VerifySelectedCheckBoxRadioButton>> 'All Districts,                   All Schools' was checked in the field 'Radio_5thProfile' in the page 'PopUp Choose Profile'
Step # 9-->Wait>> Script is SKIPPING waiting for '5' seconds.
Step # 10-->Click>> 'Button_Submit' was clicked in the page 'PopUp Choose Profile'
Step # 11-->Wait>> Script is SKIPPING waiting for '5' seconds.
Step # 12-->Click>> 'Menu_OpenMenu' was clicked in the page 'Home'
Step # 13-->Wait>> Script is SKIPPING waiting for '5' seconds.
Step # 14-->Click>> 'Menu_Reports' was clicked in the page 'Home'
Step # 15-->Wait>> Script is SKIPPING waiting for '8' seconds.
Step # 16-->VerifyLabel>> 'Reports' exists in the field: Label_Reports_Header in the page 'Reports'
Step # 17-->VerifyLink>> Link 'Back to Home'EXIST in the field in the page 'Reports'
Step # 17-->VerifyLink>> Link 'Back to Home'EXIST in the field in the page 'Reports'
Step # 18-->Click>> 'Link_StudentReport' was clicked in the page 'Reports'
Step # 19-->Wait>> Script is SKIPPING waiting for '7' seconds.
Step # 20-->VerifyLabel>> 'Student Testing Details Report' exists in the field: Label_ChooseProfile_Header in the page 'Student Testing Details Report Parameters'
Step # 21-->EnterText>> '7/14/14' was entered in the field 'Text_TestSession_BeginDate' in the page 'Student Testing Details Report Parameters'
Step # 22-->EnterText>> '7/22/14' was entered in the field 'Text_TestSession_EndDate' in the page 'Student Testing Details Report Parameters'
Step # 23-->Click>> 'Label_ChooseProfile_Header' was clicked in the page 'Student Testing Details Report Parameters'
Step # 24-->EnterText>> '290240602' was entered in the field 'Text_StudentID_StudentTestingReport' in the page 'Student Testing Details Report Parameters'
Step # 25-->Wait>> Script is SKIPPING waiting for '5' seconds.
Step # 26-->Click>> 'Button_LoadReoprt' was clicked in the page ''
Step # 27-->Wait>> Script is SKIPPING waiting for '8' seconds.
********************Step Failure********************
Step # 28--> Test failed for action: VerifyLabel
 on field: Label_Reports_Header with value of: Student Testing Details Report
Screenshot saved at: 
\\sqafs01\qadoc\DRCAutomation\DRCWebTestingFrameWork\IAT\TestResult\APeterson-09-29-2014_163159\VISTA\chrome\TC_StudentTestingReport_EPM\ScreenShot\Step#28.BMP
********************Step Failure********************
Step # 29--> Test failed for action: VerifyLink
 on field: Link_BackLink with value of: Back to Reports
Screenshot saved at: 
\\sqafs01\qadoc\DRCAutomation\DRCWebTestingFrameWork\IAT\TestResult\APeterson-09-29-2014_163159\VISTA\chrome\TC_StudentTestingReport_EPM\ScreenShot\Step#29.BMP
********************Step Failure********************
Step # 30--> Test failed for action: VerifyTableExist
 on field: Table_StudentTestingReportTable with value of: Exist_reportTable
Screenshot saved at: 
\\sqafs01\qadoc\DRCAutomation\DRCWebTestingFrameWork\IAT\TestResult\APeterson-09-29-2014_163159\VISTA\chrome\TC_StudentTestingReport_EPM\ScreenShot\Step#30.BMP
********************Step Failure********************
Step # 31--> Test failed for action: VerifyButton
 on field: Button_Actions with value of: Actions
Screenshot saved at: 
\\sqafs01\qadoc\DRCAutomation\DRCWebTestingFrameWork\IAT\TestResult\APeterson-09-29-2014_163159\VISTA\chrome\TC_StudentTestingReport_EPM\ScreenShot\Step#31.BMP
***Aborting Test***
More Than 3 steps failed. Aborting the test The Failed Steps are 28, 
29, 
30, 
31, 

End executing Test Case : TC_StudentTestingReport_EPM from Test Suite : IAT_Fall_TestSessionByUser
TestCase Failed: TC_StudentTestingReport_EPM



********************Step Failure********************
--------------Exception details for:-------------------
Step # 28--> Test failed for action: VerifyLabel
 on field: Label_Reports_Header with value of: Student Testing Details Report

Step # 28-->VerifyLabel>> 'Student Testing Details Report' does not exist in the field: Label_Reports_Header in the page ''

********************Step Failure********************
--------------Exception details for:-------------------
Step # 29--> Test failed for action: VerifyLink
 on field: Link_BackLink with value of: Back to Reports

Step # 29-->VerifyLink>> Link 'Back to Reports'EXIST in the field in the page ''

********************Step Failure********************
--------------Exception details for:-------------------
Step # 30--> Test failed for action: VerifyTableExist
 on field: Table_StudentTestingReportTable with value of: Exist_reportTable

Step # 30-->VerifyTableExist>> Table 'reportTable' exists in the page ''

********************Step Failure********************
--------------Exception details for:-------------------
Step # 31--> Test failed for action: VerifyButton
 on field: Button_Actions with value of: Actions

Step # 31-->VerifyButton>> Button 'Actions' does not exist in the field in the page 'Student Testing Details Report Parameters'

	at DRC.AutomationFramework.TestManagement.BaseTestCase.executeTest(BaseTestCase.java:177)
	... 14 more
]]>
    </error>
  </testcase> <!-- TC_StudentTestingReport_EPM -->
</testsuite> <!-- Test.IAT_Fall_TestSessionByUser -->
