<?xml version="1.0" encoding="UTF-8"?>
<!-- Generated by org.testng.reporters.JUnitReportReporter -->
<testsuite hostname="BPLT11422" name="Test.IAT_Pagination_District" tests="1" failures="0" timestamp="6 Oct 2014 15:30:36 GMT" time="108.234" errors="1">
  <testcase name="TC_CreateTestSession_Pagina_DIS" time="108.234" classname="Test.IAT_Pagination_District">
    <error type="java.lang.AssertionError" message="TestCase execution failed.The Failed Steps are 36, 
">
      <![CDATA[java.lang.AssertionError: TestCase execution failed.The Failed Steps are 36, 

	at org.testng.Assert.fail(Assert.java:83)
	at DRC.AutomationFramework.TestManagement.BaseTestCase.executeTest(BaseTestCase.java:184)
	at Test.IAT_Pagination_District.TC_CreateTestSession_Pagina_DIS(IAT_Pagination_District.java:19)
	at sun.reflect.NativeMethodAccessorImpl.invoke0(Native Method)
	at sun.reflect.NativeMethodAccessorImpl.invoke(NativeMethodAccessorImpl.java:62)
	at sun.reflect.DelegatingMethodAccessorImpl.invoke(DelegatingMethodAccessorImpl.java:43)
	at java.lang.reflect.Method.invoke(Method.java:483)
	at org.testng.internal.MethodInvocationHelper.invokeMethod(MethodInvocationHelper.java:84)
	at org.testng.internal.Invoker.invokeMethod(Invoker.java:714)
	at org.testng.internal.Invoker.invokeTestMethod(Invoker.java:901)
	at org.testng.internal.Invoker.invokeTestMethods(Invoker.java:1231)
	at org.testng.internal.TestMethodWorker.invokeTestMethods(TestMethodWorker.java:127)
	at org.testng.internal.TestMethodWorker.run(TestMethodWorker.java:111)
	at java.util.concurrent.ThreadPoolExecutor.runWorker(ThreadPoolExecutor.java:1142)
	at java.util.concurrent.ThreadPoolExecutor$Worker.run(ThreadPoolExecutor.java:617)
	at java.lang.Thread.run(Thread.java:745)
Caused by: DRC.AutomationFramework.Exceptions.TestCaseFailureException: TestCase execution failed.
****************Test Case Execution Starting****************
Start executing Test Case : TC_CreateTestSession_Pagina_DIS from Test Suite : IAT_Pagination_District
Step # 1-->Click>> 'Link_LogOn' was clicked in the page 'Log On'
Step # 2-->EnterText>> 'TestUser@drc-mn.com' was entered in the field 'Text_EmailAddress' in the page 'Home'
Step # 3-->EnterText>> 'Testing123' was entered in the field 'Text_Password' in the page 'Home'
Step # 4-->Click>> 'Button_Logon' was clicked in the page 'Home'
Step # 5-->Click>> 'Radio_2ndProfile' was clicked in the page 'PopUp Choose Profile'
Step # 6-->Click>> 'Button_Submit' was clicked in the page 'PopUp Choose Profile'
Step # 7-->Wait>> Script is SKIPPING waiting for '6' seconds.
Step # 8-->Click>> 'Menu_OpenMenu' was clicked in the page 'Home'
Step # 9-->Click>> 'Menu_StudentTesting' was clicked in the page 'Home'
Step # 10-->Click>> 'Button_Actions' was clicked in the page 'Student Testing'
Step # 11-->Click>> 'Link_NewTestSession' was clicked in the page 'Test Session'
Step # 12-->VerifyDDListExist>> 'ADAMS CENTRAL PUBLIC SCHOOLS' exists in the field in the page 'Test Session PopUp'
Step # 13-->VerifyDDListExist>> 'Select One' exists in the field in the page 'Test Session PopUp'
Step # 14-->SelectDDListItem>> 'ADAMS CENTRAL JR-SR HIGH SCH' was selected in the field 'DDList_School' in the page 'Test Session PopUp'
Step # 15-->VerifyDDListItems>> 'ADAMSCENTRALJR-SRHIGHSCHEASTELEMENTARYSCHOOLJUNIATAELEMENTARYSCHOOLWALLACEELEMENTARYSCHOOL' exists in the Dropdown list field: DDList_School in the page 'Test Session PopUp'
Step # 16-->SelectDDListItem>> 'EAST ELEMENTARY SCHOOL' was selected in the field 'DDList_School' in the page 'Test Session PopUp'
Step # 17-->VerifyDDListExist>> 'EAST ELEMENTARY SCHOOL' exists in the field in the page 'Test Session PopUp'
Step # 18-->EnterText>> 'TS7887' was entered in the field 'Text_TestSession_Name' in the page 'Test Session PopUp'
Step # 19-->EnterText>> '11/8/2014' was entered in the field 'Text_TestSession_BeginDate' in the page 'Test Session PopUp'
Step # 20-->EnterText>> '4/27/2015' was entered in the field 'Text_TestSession_EndDate' in the page 'Test Session PopUp'
Step # 21-->VerifyImageExist>> 'Image_Calendar_BeginDate' exists in the field in the page 'Test Session PopUp'
Step # 22-->VerifyImageExist>> 'Image_Calendar_EndDate' exists in the field in the page 'Test Session PopUp'
Step # 23-->Click>> 'TestSession_Title' was clicked in the page 'Test Session PopUp'
Step # 24-->Click>> 'Button_TestSession_Save' was clicked in the page 'Test Session PopUp'
Step # 25-->EnterText>> 'AutomationNT' was entered in the field 'Text_FilterByTestName' in the page 'Test Session'
Step # 26-->Click>> 'Button_FilterBySearch' was clicked in the page 'Test Session'
Step # 27-->Click>> 'Dynamic' was clicked in the page 'Test Session'
Step # 28-->Click>> 'Dynamic' was clicked in the page ''
Step # 29-->VerifyLabel>> 'Go to page:' exists in the field: Label_Pagination_Test in the page 'TestSession'
Step # 30-->VerifyLabel>> 'Go to page:' exists in the field: Label_Bottom_Pagination_Test in the page 'TestSession'
Step # 31-->VerifyButton>> Button 'Go'EXIST in the field in the page 'TestSession'
Step # 31-->VerifyButton>> Button 'Go'EXIST in the field in the page 'TestSession'
Step # 32-->EnterText>> '29' was entered in the field 'Text_Pagination' in the page 'TestSession'
Step # 33-->VerifyButton>> Button 'Go'EXIST in the field in the page 'TestSession'
Step # 33-->VerifyButton>> Button 'Go'EXIST in the field in the page 'TestSession'
Step # 34-->Click>> 'Button_Pagination_Go_Test' was clicked in the page 'TestSession'
Step # 35-->Click>> 'Dynamic' was clicked in the page 'TestSession'
********************Step Failure********************
Step # 36--> Test failed for action: VerifyField
 on field: Dynamic with value of: NOTEXIST
Screenshot saved at: 
\\sqafs01\qadoc\DRCAutomation\DRCWebTestingFrameWork\IAT\TestResult\apeterson-10-06-2014_102621\VISTA\chrome\TC_CreateTestSession_Pagina_DIS\ScreenShot\Step#36.BMP
Step # 37-->EnterText>> 'abc.0' was entered in the field 'Text_Pagination' in the page 'TestSession'
Step # 38-->Click>> 'Button_Pagination_Go_Test' was clicked in the page 'TestSession'
Step # 39-->VerifyLabel>> 'abc.0' does not exist in the field: Text_Pagination in the page ''
Step # 40-->VerifyField>> Field exists in the field in the page 'TestSession'
Step # 40-->VerifyField>> Link 'EXIST'EXIST in the field in the page 'TestSession'
Step # 41-->Click>> 'Button_Next_TestSession' was clicked in the page 'Test Session'
Step # 42-->Click>> 'Tab_AddStudentGroups' was clicked in the page 'Test Session'
Step # 43-->ClickRowText>> WebRowText'SG1002&skip&skip&skip&skip' was clicked in the page 'Test Session'
Step # 44-->VerifyLabel>> 'Go to page:' exists in the field: Label_TestSessionAddStudentGroups in the page 'TestSession-AddStudentGroups'
Step # 45-->VerifyButton>> Button 'Go'EXIST in the field in the page 'TestSession-AddStudentGroups'
Step # 45-->VerifyButton>> Button 'Go'EXIST in the field in the page 'TestSession-AddStudentGroups'
Step # 46-->VerifyLabel>> 'Go to page:' exists in the field: Label_Bottom_TestSessionAddStudentGroups in the page 'TestSession-AddStudentGroups'
Step # 47-->VerifyButton>> Button 'Go'EXIST in the field in the page 'TestSession-AddStudentGroups'
Step # 47-->VerifyButton>> Button 'Go'EXIST in the field in the page 'TestSession-AddStudentGroups'
Step # 48-->EnterText>> '8' was entered in the field 'Text_Pagination' in the page 'TestSession-AddStudentGroups'
Step # 49-->Click>> 'Button_TestSessionAddStudentGroups' was clicked in the page 'TestSession-AddStudentGroups'
Step # 50-->Click>> 'Dynamic' was clicked in the page 'TestSession-AddStudentGroups'
Step # 51-->VerifyField>> Field does not exists in the field in the page 'TestSession-AddStudentGroups'
Step # 51-->VerifyField>> Link 'NOTEXIST'NOTEXIST in the field in the page 'TestSession-AddStudentGroups'
Step # 52-->EnterText>> 'abc.0' was entered in the field 'Text_Pagination' in the page 'TestSession-AddStudentGroups'
Step # 53-->Click>> 'Button_TestSessionAddStudentGroups' was clicked in the page 'TestSession-AddStudentGroups'
Step # 54-->VerifyLabel>> 'abc.0' does not exist in the field: Text_Pagination in the page 'TestSession-AddStudentGroups'
Step # 55-->VerifyField>> Field exists in the field in the page ''
Step # 55-->VerifyField>> Link 'EXIST'EXIST in the field in the page ''
Step # 56-->Click>> 'Button_Done' was clicked in the page 'Test Session'
Step # 57-->Click>> 'Button_Actions' was clicked in the page 'Test Session View'
Step # 58-->Click>> 'Link_DeleteTestSession' was clicked in the page 'Test Session Details Page'
Step # 59-->VerifyLabel>> 'Delete Test Session' exists in the field: Label_Popup_Header in the page 'Delete Test Session PopUp'
Step # 60-->VerifyLabel>> 'This can't be undone. Are you sure you want to delete TS7887?' exists in the field: Label_PopUpInfo in the page 'Delete Test Session PopUp'
Step # 61-->Click>> 'Button_DeleteTestSession_Delete' was clicked in the page 'Delete Test Session PopUp'
Step # 62-->VerifyLabel>> 'Test Session "TS7887" deleted' exists in the field: Label_TestHeader in the page 'Test Session'
End executing Test Case : TC_CreateTestSession_Pagina_DIS from Test Suite : IAT_Pagination_District
TestCase Failed: TC_CreateTestSession_Pagina_DIS



********************Step Failure********************
--------------Exception details for:-------------------
Step # 36--> Test failed for action: VerifyField
 on field: Dynamic with value of: NOTEXIST

Step # 36-->VerifyField>> Field exists in the field in the page 'TestSession'

	at DRC.AutomationFramework.TestManagement.BaseTestCase.executeTest(BaseTestCase.java:179)
	... 14 more
]]>
    </error>
  </testcase> <!-- TC_CreateTestSession_Pagina_DIS -->
</testsuite> <!-- Test.IAT_Pagination_District -->
