<?xml version="1.0" encoding="UTF-8"?>
<!-- Generated by org.testng.reporters.JUnitReportReporter -->
<testsuite hostname="BPLT11422" name="Test.IAT_ItemBankSuite_EPM" tests="1" failures="0" timestamp="6 Oct 2014 15:30:36 GMT" time="11.108" errors="1">
  <testcase name="TC_Item_HideComment_EPM" time="11.108" classname="Test.IAT_ItemBankSuite_EPM">
    <error type="java.lang.AssertionError" message="TestCase execution failed.The Failed Steps are ">
      <![CDATA[java.lang.AssertionError: TestCase execution failed.The Failed Steps are 
	at org.testng.Assert.fail(Assert.java:83)
	at DRC.AutomationFramework.TestManagement.BaseTestCase.executeTest(BaseTestCase.java:184)
	at Test.IAT_ItemBankSuite_EPM.TC_Item_HideComment_EPM(IAT_ItemBankSuite_EPM.java:19)
	at sun.reflect.NativeMethodAccessorImpl.invoke0(Native Method)
	at sun.reflect.NativeMethodAccessorImpl.invoke(NativeMethodAccessorImpl.java:62)
	at sun.reflect.DelegatingMethodAccessorImpl.invoke(DelegatingMethodAccessorImpl.java:43)
	at java.lang.reflect.Method.invoke(Method.java:483)
	at org.testng.internal.MethodInvocationHelper.invokeMethod(MethodInvocationHelper.java:84)
	at org.testng.internal.Invoker.invokeMethod(Invoker.java:714)
	at org.testng.internal.Invoker.invokeTestMethod(Invoker.java:901)
	at org.testng.internal.Invoker.invokeTestMethods(Invoker.java:1231)
	at org.testng.internal.TestMethodWorker.invokeTestMethods(TestMethodWorker.java:127)
	at org.testng.internal.TestMethodWorker.run(TestMethodWorker.java:111)
	at java.util.concurrent.ThreadPoolExecutor.runWorker(ThreadPoolExecutor.java:1142)
	at java.util.concurrent.ThreadPoolExecutor$Worker.run(ThreadPoolExecutor.java:617)
	at java.lang.Thread.run(Thread.java:745)
Caused by: DRC.AutomationFramework.Exceptions.TestCaseFailureException: TestCase execution failed.
****************Test Case Execution Starting****************
Start executing Test Case : TC_Item_HideComment_EPM from Test Suite : IAT_ItemBankSuite_EPM
Script was unable to call any method from the common file
TestCase Failed: TC_Item_HideComment_EPM



	at DRC.AutomationFramework.TestManagement.BaseTestCase.executeTest(BaseTestCase.java:179)
	... 14 more
]]>
    </error>
  </testcase> <!-- TC_Item_HideComment_EPM -->
</testsuite> <!-- Test.IAT_ItemBankSuite_EPM -->
