<?xml version="1.0" encoding="UTF-8"?>
<!-- Generated by org.testng.reporters.JUnitReportReporter -->
<testsuite hostname="BPLT11422" name="Test.IAT_TestSession_Teacher" tests="1" failures="0" timestamp="29 Sep 2014 21:52:45 GMT" time="596.975" errors="1">
  <testcase name="TC_TS_GenerateTickets_EidtSG_Te" time="596.975" classname="Test.IAT_TestSession_Teacher">
    <error type="java.lang.AssertionError" message="TestCase execution failed.The Failed Steps are 149, 
152, 
154, 
">
      <![CDATA[java.lang.AssertionError: TestCase execution failed.The Failed Steps are 149, 
152, 
154, 

	at org.testng.Assert.fail(Assert.java:83)
	at DRC.AutomationFramework.TestManagement.BaseTestCase.executeTest(BaseTestCase.java:182)
	at Test.IAT_TestSession_Teacher.TC_TS_GenerateTickets_EidtSG_Te(IAT_TestSession_Teacher.java:19)
	at sun.reflect.NativeMethodAccessorImpl.invoke0(Native Method)
	at sun.reflect.NativeMethodAccessorImpl.invoke(NativeMethodAccessorImpl.java:62)
	at sun.reflect.DelegatingMethodAccessorImpl.invoke(DelegatingMethodAccessorImpl.java:43)
	at java.lang.reflect.Method.invoke(Method.java:483)
	at org.testng.internal.MethodInvocationHelper.invokeMethod(MethodInvocationHelper.java:84)
	at org.testng.internal.Invoker.invokeMethod(Invoker.java:714)
	at org.testng.internal.Invoker.invokeTestMethod(Invoker.java:901)
	at org.testng.internal.Invoker.invokeTestMethods(Invoker.java:1231)
	at org.testng.internal.TestMethodWorker.invokeTestMethods(TestMethodWorker.java:127)
	at org.testng.internal.TestMethodWorker.run(TestMethodWorker.java:111)
	at java.util.concurrent.ThreadPoolExecutor.runWorker(ThreadPoolExecutor.java:1142)
	at java.util.concurrent.ThreadPoolExecutor$Worker.run(ThreadPoolExecutor.java:617)
	at java.lang.Thread.run(Thread.java:745)
Caused by: DRC.AutomationFramework.Exceptions.TestCaseFailureException: TestCase execution failed.
****************Test Case Execution Starting****************
Start executing Test Case : TC_TS_GenerateTickets_EidtSG_Te from Test Suite : IAT_TestSession_Teacher
Step # 1-->Click>> 'Link_LogOn' was clicked in the page 'Log On'
Step # 3-->EnterText>> 'TestUser@drc-mn.com' was entered in the field 'Text_EmailAddress' in the page 'Home'
Step # 4-->EnterText>> 'Testing123' was entered in the field 'Text_Password' in the page 'Home'
Step # 5-->Click>> 'Button_Logon' was clicked in the page 'Home'
Step # 6-->Wait>> Script is SKIPPING waiting for '8' seconds.
Step # 7-->Click>> 'Radio_4thProfile' was clicked in the page 'PopUp Choose Profile'
Step # 8-->Wait>> Script is SKIPPING waiting for '6' seconds.
Step # 9-->VerifySelectedCheckBoxRadioButton>> 'ADAMS CENTRAL PUBLIC SCHOOLS,                   ADAMS CENTRAL JR-SR HIGH SCH' was checked in the field 'Radio_4thProfile' in the page 'PopUp Choose Profile'
Step # 10-->Click>> 'Button_Submit' was clicked in the page 'PopUp Choose Profile'
Step # 11-->Wait>> Script is SKIPPING waiting for '8' seconds.
Step # 12-->Click>> 'Menu_OpenMenu' was clicked in the page 'Home'
Step # 13-->Click>> 'Menu_StudentTesting' was clicked in the page 'Home'
Step # 14-->Wait>> Script is SKIPPING waiting for '6' seconds.
Step # 15-->Click>> 'Button_Actions' was clicked in the page 'Student Testing'
Step # 16-->Wait>> Script is SKIPPING waiting for '6' seconds.
Step # 17-->Click>> 'Link_NewTestSession' was clicked in the page 'Test Session'
Step # 18-->Wait>> Script is SKIPPING waiting for '8' seconds.
Step # 19-->VerifyDDListExist>> 'ADAMS CENTRAL JR-SR HIGH SCH' exists in the field in the page 'Test Session PopUp'
Step # 20-->VerifyDDListExist>> 'ADAMS�CENTRAL�PUBLIC�SCHOOLS' exists in the field in the page 'Test Session PopUp'
Step # 21-->Wait>> Script is SKIPPING waiting for '3' seconds.
Step # 22-->EnterText>> 'TS3629' was entered in the field 'Text_TestSession_Name' in the page 'Test Session PopUp'
Step # 23-->Wait>> Script is SKIPPING waiting for '6' seconds.
Step # 24-->EnterText>> '7/18/2014' was entered in the field 'Text_TestSession_BeginDate' in the page 'Test Session PopUp'
Step # 25-->EnterText>> '4/25/2015' was entered in the field 'Text_TestSession_EndDate' in the page 'Test Session PopUp'
Step # 26-->VerifyImageExist>> 'Image_Calendar_BeginDate' exists in the field in the page 'Test Session PopUp'
Step # 27-->VerifyImageExist>> 'Image_Calendar_EndDate' exists in the field in the page 'Test Session PopUp'
Step # 28-->Click>> 'TestSession_Title' was clicked in the page 'Test Session PopUp'
Step # 29-->Wait>> Script is SKIPPING waiting for '5' seconds.
Step # 30-->Click>> 'Button_TestSession_Save' was clicked in the page 'Test Session PopUp'
Step # 31-->Wait>> Script is SKIPPING waiting for '8' seconds.
Step # 32-->EnterText>> 'AutomationNT' was entered in the field 'Text_FilterByTestName' in the page 'Test Session'
Step # 33-->Wait>> Script is SKIPPING waiting for '4' seconds.
Step # 34-->Click>> 'Button_FilterBySearch' was clicked in the page 'Test Session'
Step # 35-->Wait>> Script is SKIPPING waiting for '8' seconds.
Step # 36-->Click>> 'Dynamic' was clicked in the page 'Test Session'
Step # 37-->Wait>> Script is SKIPPING waiting for '8' seconds.
Step # 38-->Click>> 'Button_Next_TestSession' was clicked in the page 'Test Session'
Step # 39-->Wait>> Script is SKIPPING waiting for '6' seconds.
Step # 40-->VerifyLabel>> 'Test Session:' exists in the field: Header_TestItems_Details in the page 'Test Session'
Step # 41-->VerifyLabel>> 'Test:' exists in the field: Header_TestItems_Details in the page 'Test Session'
Step # 42-->VerifyLabel>> 'TS3629' exists in the field: Header_TestItems_Details in the page ''
Step # 43-->Click>> 'Tab_AddStudentGroups' was clicked in the page 'Test Session'
Step # 44-->Wait>> Script is SKIPPING waiting for '12' seconds.
Step # 45-->ClickRowText>> WebRowText'SG1002&skip&skip&skip&skip' was clicked in the page 'Test Session'
Step # 46-->Wait>> Script is SKIPPING waiting for '5' seconds.
Step # 47-->Click>> 'Tab_Students' was clicked in the page 'Test Session'
Step # 48-->Wait>> Script is SKIPPING waiting for '5' seconds.
Step # 49-->VerifyLabel>> 'Student Group' exists in the field: Label_StudentGroup in the page 'Test Session'
Step # 50-->VerifyLabel>> 'Student ID' exists in the field: Label_StudentID in the page 'Test Session'
Step # 51-->VerifyLabel>> 'Last Name' exists in the field: Label_LastName in the page 'Test Session'
Step # 52-->VerifyLabel>> 'First Name' exists in the field: Label_FirstName in the page 'Test Session'
Step # 53-->VerifyLabel>> 'Ticket#' exists in the field: Label_Ticket in the page 'Test Session'
Step # 54-->VerifyRowText>> WebRowText'skip&SG1002&skip&skip&skip&skip&skip' exists in the page ''
Step # 55-->Wait>> Script is SKIPPING waiting for '5' seconds.
Step # 56-->Click>> 'Button_Done' was clicked in the page 'Test Session'
Step # 57-->Wait>> Script is SKIPPING waiting for '7' seconds.
Step # 58-->VerifyLabel>> 'Status: NOT PUBLISHED' exists in the field: Label_TestSessionStatus in the page 'Test Session View'
Step # 59-->Wait>> Script is SKIPPING waiting for '4' seconds.
Step # 60-->VerifyLabel>> 'Student Group' exists in the field: Label_StudentGroupTable_StudentGroup in the page 'Test Session View'
Step # 61-->VerifyLabel>> 'Student ID' exists in the field: Label_StudentGroupTable_StudentID in the page 'Test Session View'
Step # 62-->VerifyLabel>> 'Last Name' exists in the field: Label_StudentGroupTable_LastName in the page 'Test Session View'
Step # 63-->VerifyLabel>> 'First Name' exists in the field: Label_StudentGroupTable_FirstName in the page 'Test Session View'
Step # 64-->VerifyRowTextForEachColumn>> WebRowText'skip&SG1002&skip&skip&skip' exists in the page 'Test Session View'
Step # 65-->Wait>> Script is SKIPPING waiting for '5' seconds.
Step # 66-->Click>> 'Label_StudentGroup_Collapsable' was clicked in the page 'Test Session View'
Step # 67-->Wait>> Script is SKIPPING waiting for '5' seconds.
Step # 68-->VerifyRowTextForEachColumn>> WebRowText'skip&skip&skip&skip&KENTO' exists in the page 'Test Session View'
Step # 69-->VerifyRowTextForEachColumn>> WebRowText'skip&skip&skip&skip&JAZMINE' exists in the page 'Test Session View'
Step # 70-->VerifyRowTextForEachColumn>> WebRowText'skip&skip&skip&skip&SAM' exists in the page 'Test Session View'
Step # 71-->VerifyRowTextForEachColumn>> WebRowText'skip&skip&skip&skip&DAVID' exists in the page 'Test Session View'
Step # 72-->VerifyRowTextForEachColumn>> WebRowText'skip&skip&skip&skip&LACEE' exists in the page 'Test Session View'
Step # 73-->VerifyRowTextForEachColumn>> WebRowText'skip&skip&skip&skip&LAYNE' exists in the page 'Test Session View'
Step # 74-->VerifyRowTextForEachColumn>> WebRowText'skip&skip&skip&skip&ERIC' exists in the page 'Test Session View'
Step # 75-->Wait>> Script is SKIPPING waiting for '6' seconds.
Step # 76-->Click>> 'Button_Actions' was clicked in the page 'Test Session View'
Step # 77-->Wait>> Script is SKIPPING waiting for '5' seconds.
Step # 78-->Click>> 'Link_GenerateTickets' was clicked in the page 'Test Session Details Page'
Step # 79-->Wait>> Script is SKIPPING waiting for '25' seconds.
Step # 80-->VerifyLabel>> 'Status: OPEN' exists in the field: Label_TestSessionStatus in the page 'Test Session View'
Step # 81-->VerifyLabel>> 'Student Group' exists in the field: Label_StudentGroupTable_StudentGroup in the page 'Test Session View'
Step # 82-->VerifyLabel>> 'Student ID' exists in the field: Label_StudentGroupTable_StudentID in the page 'Test Session View'
Step # 83-->VerifyLabel>> 'Last Name' exists in the field: Label_StudentGroupTable_LastName in the page 'Test Session View'
Step # 84-->VerifyLabel>> 'First Name' exists in the field: Label_StudentGroupTable_FirstName in the page 'Test Session View'
Step # 85-->VerifyLabel>> 'Ticket#' exists in the field: Label_StudentGroupTable_Ticket in the page 'Test Session View'
Step # 86-->VerifyLabel>> 'Testing Status' exists in the field: Label_StudentGroupTable_TestingStatus in the page 'Test Session View'
Step # 87-->VerifyLabel>> 'Options' exists in the field: Label_StudentGroupTable_Options in the page 'Test Session View'
Step # 88-->Wait>> Script is SKIPPING waiting for '8' seconds.
Step # 89-->Click>> 'Dynamic' was clicked in the page 'Test Session View'
Step # 90-->VerifyRowTextForEachColumn>> WebRowText'skip&skip&skip&skip&KENTO&skip&Not Started&skip' exists in the page 'Test Session View'
Step # 91-->VerifyRowTextForEachColumn>> WebRowText'skip&skip&skip&skip&SAM&skip&Not Started&skip' exists in the page 'Test Session View'
Step # 92-->VerifyRowTextForEachColumn>> WebRowText'skip&skip&skip&skip&DAVID&skip&Not Started&skip' exists in the page 'Test Session View'
Step # 93-->VerifyRowTextForEachColumn>> WebRowText'skip&skip&skip&skip&LACEE&skip&Not Started&skip' exists in the page 'Test Session View'
Step # 94-->VerifyRowTextForEachColumn>> WebRowText'skip&skip&skip&skip&LAYNE&skip&Not Started&skip' exists in the page 'Test Session View'
Step # 95-->VerifyRowTextForEachColumn>> WebRowText'skip&skip&skip&skip&ERIC&skip&Not Started&skip' exists in the page 'Test Session View'
Step # 96-->Click>> 'Button_Actions' was clicked in the page 'Test Session View'
Step # 97-->Wait>> Script is SKIPPING waiting for '5' seconds.
Step # 98-->Click>> 'Link_EditStudents' was clicked in the page 'Test Session View'
Step # 99-->Wait>> Script is SKIPPING waiting for '15' seconds.
Step # 100-->Click>> 'Tab_AddStudentGroups' was clicked in the page 'TestSessionEditStudents'
Step # 101-->Wait>> Script is SKIPPING waiting for '5' seconds.
Step # 102-->ClickRowText>> WebRowText'SG1025&skip&skip&skip&skip' was clicked in the page 'TestSessionEditStudents'
Step # 103-->ClickRowText>> WebRowText'SG1240&skip&skip&skip&skip' was clicked in the page 'TestSessionEditStudents'
Step # 104-->Wait>> Script is SKIPPING waiting for '6' seconds.
Step # 105-->Wait>> Script is SKIPPING waiting for '6' seconds.
Step # 106-->VerifyLabel>> 'Note' exists in the field: Label_Popup_Header in the page 'Note PopUp'
Step # 107-->VerifyLabel>> 'Save Failed: Students from SG1240 already belong to test session!' exists in the field: Label_PopUpInfo in the page 'Note PopUp'
Step # 108-->Wait>> Script is SKIPPING waiting for '5' seconds.
Step # 109-->Click>> 'Button_Test_Cancel' was clicked in the page 'Note PopUp'
Step # 110-->Wait>> Script is SKIPPING waiting for '5' seconds.
Step # 111-->Click>> 'Tab_Students' was clicked in the page 'TestSessionEditStudents'
Step # 112-->Wait>> Script is SKIPPING waiting for '6' seconds.
Step # 113-->Click>> 'Dynamic' was clicked in the page 'TestSessionEditStudents'
Step # 114-->Wait>> Script is SKIPPING waiting for '5' seconds.
Step # 115-->Click>> 'Dynamic' was clicked in the page 'TestSessionEditStudents'
Step # 116-->Wait>> Script is SKIPPING waiting for '6' seconds.
Step # 117-->Click>> 'Dynamic' was clicked in the page 'TestSessionEditStudents'
Step # 118-->Wait>> Script is SKIPPING waiting for '5' seconds.
Step # 119-->Click>> 'Button_Done' was clicked in the page 'TestSessionEditStudents'
Step # 120-->Wait>> Script is SKIPPING waiting for '8' seconds.
Step # 121-->Click>> 'Dynamic' was clicked in the page 'Test Session View'
Step # 122-->Wait>> Script is SKIPPING waiting for '8' seconds.
Step # 123-->VerifyRowTextForEachColumn>> WebRowText'skip&skip&skip&skip&MADISON&skip&skip&skip' exists in the page 'Test Session View'
Step # 124-->VerifyRowTextForEachColumn>> WebRowText'skip&skip&skip&skip&LANDON&skip&skip&skip' exists in the page 'Test Session View'
Step # 125-->VerifyRowTextForEachColumn>> WebRowText'skip&skip&skip&skip&BRENDEN&skip&skip&skip' exists in the page 'Test Session View'
Step # 126-->VerifyRowTextForEachColumn>> WebRowText'skip&skip&skip&skip&BLAKE&skip&skip&skip' exists in the page 'Test Session View'
Step # 127-->Wait>> Script is SKIPPING waiting for '8' seconds.
Step # 128-->Click>> 'Button_Actions' was clicked in the page 'Test Session View'
Step # 129-->Wait>> Script is SKIPPING waiting for '5' seconds.
Step # 130-->Click>> 'Link_GenerateTickets' was clicked in the page 'Test Session Details Page'
Step # 131-->Wait>> Script is SKIPPING waiting for '15' seconds.
Step # 132-->Click>> 'Dynamic' was clicked in the page 'Test Session View'
Step # 133-->Wait>> Script is SKIPPING waiting for '8' seconds.
Step # 134-->VerifyRowTextForEachColumn>> WebRowText'skip&skip&skip&skip&MADISON&skip&Not Started&skip' exists in the page 'Test Session View'
Step # 135-->VerifyRowTextForEachColumn>> WebRowText'skip&skip&skip&skip&LANDON&skip&Not Started&skip' exists in the page 'Test Session View'
Step # 136-->VerifyRowTextForEachColumn>> WebRowText'skip&skip&skip&skip&BRENDEN&skip&Not Started&skip' exists in the page 'Test Session View'
Step # 137-->VerifyRowTextForEachColumn>> WebRowText'skip&skip&skip&skip&BLAKE&skip&Not Started&skip' exists in the page 'Test Session View'
Step # 138-->Wait>> Script is SKIPPING waiting for '7' seconds.
Step # 139-->CaptureWebTextInToInteger>> Total number items for the 'Label_TestSessionTestID' is :3588  in the page 'Test Session View'
Step # 140-->Wait>> Script is SKIPPING waiting for '8' seconds.
Step # 141-->Click>> 'Dynamic' was clicked in the page 'Test Session View'
Step # 142-->Wait>> Script is SKIPPING waiting for '8' seconds.
Step # 143-->EnterText>> '0' was entered in the field 'Testsession_NameID' in the page 'Test Session View'
Step # 144-->Wait>> Script is SKIPPING waiting for '8' seconds.
Step # 145-->Click>> 'Button_TestSession_Search' was clicked in the page 'Test Sessions'
Step # 146-->Wait>> Script is SKIPPING waiting for '8' seconds.
Step # 147-->Click>> 'Dynamic' was clicked in the page 'Test Sessions'
Step # 148-->Wait>> Script is SKIPPING waiting for '6' seconds.
********************Step Failure********************
Step # 149--> Test failed for action: Click
 on field: Dynamic with value of: xpath&.//*[@id='testSessionTable']/tbody/tr/td[8]/div/a/img
Screenshot saved at: 
\\sqafs01\qadoc\DRCAutomation\DRCWebTestingFrameWork\IAT\TestResult\APeterson-09-29-2014_164244\VISTA\chrome\TC_TS_GenerateTickets_EidtSG_Te\ScreenShot\Step#149.BMP
Step # 150-->Wait>> Script is SKIPPING waiting for '5' seconds.
Step # 151-->Wait>> Script is SKIPPING waiting for '8' seconds.
********************Step Failure********************
Step # 152--> Test failed for action: VerifyLabel
 on field: Label_PopUpInfo with value of: This can't be undone. Are you sure you want to delete NewTestSessionRandom?
Screenshot saved at: 
\\sqafs01\qadoc\DRCAutomation\DRCWebTestingFrameWork\IAT\TestResult\APeterson-09-29-2014_164244\VISTA\chrome\TC_TS_GenerateTickets_EidtSG_Te\ScreenShot\Step#152.BMP
Step # 153-->Wait>> Script is SKIPPING waiting for '5' seconds.
********************Step Failure********************
Step # 154--> Test failed for action: Click
 on field: Button_DeleteTestSession_Delete with value of: 
Screenshot saved at: 
\\sqafs01\qadoc\DRCAutomation\DRCWebTestingFrameWork\IAT\TestResult\APeterson-09-29-2014_164244\VISTA\chrome\TC_TS_GenerateTickets_EidtSG_Te\ScreenShot\Step#154.BMP
End executing Test Case : TC_TS_GenerateTickets_EidtSG_Te from Test Suite : IAT_TestSession_Teacher
TestCase Failed: TC_TS_GenerateTickets_EidtSG_Te



********************Step Failure********************
--------------Exception details for:-------------------
Step # 149--> Test failed for action: Click
 on field: Dynamic with value of: xpath&.//*[@id='testSessionTable']/tbody/tr/td[8]/div/a/img

Timed out after 15 seconds waiting for visibility of [[RemoteWebDriver: chrome on XP (5936c04d-27cb-48cf-9302-62da17d660f1)] -> xpath: .//*[@id='testSessionTable']/tbody/tr/td[8]/div/a/img]
Build info: version: '2.41.0', revision: '3192d8a6c4449dc285928ba024779344f5423c58', time: '2014-03-27 11:29:39'
System info: host: 'BPLT11422', ip: '10.3.98.111', os.name: 'Windows 7', os.arch: 'x86', os.version: '6.1', java.version: '1.8.0_05'
Driver info: driver.version: unknown

********************Step Failure********************
--------------Exception details for:-------------------
Step # 152--> Test failed for action: VerifyLabel
 on field: Label_PopUpInfo with value of: This can't be undone. Are you sure you want to delete NewTestSessionRandom?

Step # 152-->VerifyLabel>> Label 'Label_PopUpInfo does not exist in the page 'Delete Test Session PopUp'

********************Step Failure********************
--------------Exception details for:-------------------
Step # 154--> Test failed for action: Click
 on field: Button_DeleteTestSession_Delete with value of: 

Step # 154-->Either Click>> 'Button_DeleteTestSession_Delete'does not exist in the page 'Delete Test Session PopUp'
 Or Click is not a key in the Testing Framework.
Step # 154--> Test failed

	at DRC.AutomationFramework.TestManagement.BaseTestCase.executeTest(BaseTestCase.java:177)
	... 14 more
]]>
    </error>
  </testcase> <!-- TC_TS_GenerateTickets_EidtSG_Te -->
</testsuite> <!-- Test.IAT_TestSession_Teacher -->
