<?xml version="1.0" encoding="UTF-8"?>
<!-- Generated by org.testng.reporters.JUnitReportReporter -->
<testsuite hostname="BPLT11422" name="Test.IAT_ItemBank_NewTab_EPM" tests="1" failures="0" timestamp="14 Sep 2014 17:38:55 GMT" time="0.747" errors="1">
  <testcase name="TC_ItemWBTEs_EPMChrome" time="0.747" classname="Test.IAT_ItemBank_NewTab_EPM">
    <error type="java.lang.AssertionError" message="TestCase execution failed.The Failed Steps are ">
      <![CDATA[java.lang.AssertionError: TestCase execution failed.The Failed Steps are 
	at org.testng.Assert.fail(Assert.java:83)
	at DRC.AutomationFramework.TestManagement.BaseTestCase.executeTest(BaseTestCase.java:175)
	at Test.IAT_ItemBank_NewTab_EPM.TC_ItemWBTEs_EPMChrome(IAT_ItemBank_NewTab_EPM.java:15)
	at sun.reflect.NativeMethodAccessorImpl.invoke0(Native Method)
	at sun.reflect.NativeMethodAccessorImpl.invoke(NativeMethodAccessorImpl.java:62)
	at sun.reflect.DelegatingMethodAccessorImpl.invoke(DelegatingMethodAccessorImpl.java:43)
	at java.lang.reflect.Method.invoke(Method.java:483)
	at org.testng.internal.MethodInvocationHelper.invokeMethod(MethodInvocationHelper.java:84)
	at org.testng.internal.Invoker.invokeMethod(Invoker.java:714)
	at org.testng.internal.Invoker.invokeTestMethod(Invoker.java:901)
	at org.testng.internal.Invoker.invokeTestMethods(Invoker.java:1231)
	at org.testng.internal.TestMethodWorker.invokeTestMethods(TestMethodWorker.java:127)
	at org.testng.internal.TestMethodWorker.run(TestMethodWorker.java:111)
	at java.util.concurrent.ThreadPoolExecutor.runWorker(ThreadPoolExecutor.java:1142)
	at java.util.concurrent.ThreadPoolExecutor$Worker.run(ThreadPoolExecutor.java:617)
	at java.lang.Thread.run(Thread.java:745)
Caused by: DRC.AutomationFramework.Exceptions.TestCaseFailureException: TestCase execution failed.
****************Test Case Execution Starting****************
Start executing Test Case : TC_ItemWBTEs_EPMChrome from Test Suite : IAT_ItemBank_NewTab_EPM
There are no steps for test case: TC_ItemWBTEs_EPMChrome
Script was unable to call any method from the common file



	at DRC.AutomationFramework.TestManagement.BaseTestCase.executeTest(BaseTestCase.java:170)
	... 14 more
]]>
    </error>
  </testcase> <!-- TC_ItemWBTEs_EPMChrome -->
</testsuite> <!-- Test.IAT_ItemBank_NewTab_EPM -->
