<!DOCTYPE html PUBLIC "-//W3C//DTD XHTML 1.1//EN" "http://www.w3.org/TR/xhtml11/DTD/xhtml11.dtd">
<html xmlns="http://www.w3.org/1999/xhtml"><head><title>TestNG Report</title><style type="text/css">table {margin-bottom:10px;border-collapse:collapse;empty-cells:show}th,td {border:1px solid #009;padding:.25em .5em}th {vertical-align:bottom}td {vertical-align:top}table a {font-weight:bold}.stripe td {background-color: #E6EBF9}.num {text-align:right}.passedodd td {background-color: #3F3}.passedeven td {background-color: #0A0}.skippedodd td {background-color: #DDD}.skippedeven td {background-color: #CCC}.failedodd td,.attn {background-color: #F33}.failedeven td,.stripe .attn {background-color: #D00}.stacktrace {white-space:pre;font-family:monospace}.totop {font-size:85%;text-align:center;border-bottom:2px solid #000}</style></head><body><table><tr><th>Test</th><th># Passed</th><th># Skipped</th><th># Failed</th><th>Time (ms)</th><th>Included Groups</th><th>Excluded Groups</th></tr><tr><th colspan="7">IATSuite</th></tr><tr><td><a href="#t0">Test_WIN7_6.1_32Bit__Chr_37.0_32Bit</a></td><td class="num">0</td><td class="num">0</td><td class="num attn">1</td><td class="num">12,465</td><td></td><td></td></tr></table><table><thead><tr><th>Class</th><th>Method</th><th>Start</th><th>Time (ms)</th></tr></thead><tbody><tr><th colspan="4">IATSuite</th></tr></tbody><tbody id="t0"><tr><th colspan="4">Test_WIN7_6.1_32Bit__Chr_37.0_32Bit &#8212; failed</th></tr><tr class="failedeven"><td rowspan="1">Test.IAT_ItemBankSuite_State</td><td><a href="#m0">TC_Item_HideComment_State</a></td><td rowspan="1">1412812298892</td><td rowspan="1">10059</td></tr></tbody></table><h2>Test_WIN7_6.1_32Bit__Chr_37.0_32Bit</h2><h3 id="m0">Test.IAT_ItemBankSuite_State#TC_Item_HideComment_State</h3><table class="result"><tr><th>Exception</th></tr><tr><td><div class="stacktrace">java.lang.AssertionError: TestCase execution failed.More Than 3 steps failed. Aborting the test The Failed Steps are 2, 
3, 
4, 
5, 

	at com.drc.wtf.testmanagement.BaseTestCase.executeTest(BaseTestCase.java:185)
	at Test.IAT_ItemBankSuite_State.TC_Item_HideComment_State(IAT_ItemBankSuite_State.java:19)
	at java.util.concurrent.ThreadPoolExecutor.runWorker(ThreadPoolExecutor.java:1142)
	at java.util.concurrent.ThreadPoolExecutor$Worker.run(ThreadPoolExecutor.java:617)
	at java.lang.Thread.run(Thread.java:745)
Caused by: com.drc.wtf.exceptions.TestCaseFailureException: TestCase execution failed.
****************Test Case Execution Starting****************
Start executing Test Case : TC_Item_HideComment_State from Test Suite : IAT_ItemBankSuite_State
********************Step Failure********************
Step # 2--&gt; Test failed for action: EnterText
 on field: Text_EmailAddress with value of: TestUser@drc-mn.com
Screenshot saved at: 
\\sqafs01\qadoc\DRCAutomation\DRCWebTestingFrameWork\IAT\TestResult\apeterson-10-08-2014_185134\VISTA\chrome\TC_Item_HideComment_State\ScreenShot\Step#2.BMP
********************Step Failure********************
Step # 3--&gt; Test failed for action: EnterText
 on field: Text_Password with value of: Testing123
Screenshot saved at: 
\\sqafs01\qadoc\DRCAutomation\DRCWebTestingFrameWork\IAT\TestResult\apeterson-10-08-2014_185134\VISTA\chrome\TC_Item_HideComment_State\ScreenShot\Step#3.BMP
********************Step Failure********************
Step # 4--&gt; Test failed for action: Click
 on field: Button_Logon with value of: 
Screenshot saved at: 
\\sqafs01\qadoc\DRCAutomation\DRCWebTestingFrameWork\IAT\TestResult\apeterson-10-08-2014_185134\VISTA\chrome\TC_Item_HideComment_State\ScreenShot\Step#4.BMP
********************Step Failure********************
Step # 5--&gt; Test failed for action: Click
 on field: Radio_1stProfile with value of: 4
Screenshot saved at: 
\\sqafs01\qadoc\DRCAutomation\DRCWebTestingFrameWork\IAT\TestResult\apeterson-10-08-2014_185134\VISTA\chrome\TC_Item_HideComment_State\ScreenShot\Step#5.BMP
***Aborting Test***
More Than 3 steps failed. Aborting the test The Failed Steps are 2, 
3, 
4, 
5, 

End executing Test Case : TC_Item_HideComment_State from Test Suite : IAT_ItemBankSuite_State
TestCase Failed: TC_Item_HideComment_State



********************Step Failure********************
--------------Exception details for:-------------------
Step # 2--&gt; Test failed for action: EnterText
 on field: Text_EmailAddress with value of: TestUser@drc-mn.com

Step # 2--&gt;EnterText&gt;&gt; is not a keyword in the Testing Framework
Step # 2--&gt; Test failed

********************Step Failure********************
--------------Exception details for:-------------------
Step # 3--&gt; Test failed for action: EnterText
 on field: Text_Password with value of: Testing123

Step # 3--&gt;EnterText&gt;&gt; is not a keyword in the Testing Framework
Step # 3--&gt; Test failed

********************Step Failure********************
--------------Exception details for:-------------------
Step # 4--&gt; Test failed for action: Click
 on field: Button_Logon with value of: 

Step # 4--&gt;Click&gt;&gt; is not a keyword in the Testing Framework
Step # 4--&gt; Test failed

********************Step Failure********************
--------------Exception details for:-------------------
Step # 5--&gt; Test failed for action: Click
 on field: Radio_1stProfile with value of: 4

Step # 5--&gt;Click&gt;&gt; is not a keyword in the Testing Framework
Step # 5--&gt; Test failed

	at com.drc.wtf.testmanagement.BaseTestCase.executeTest(BaseTestCase.java:180)
	... 14 more
... Removed 11 stack frames</div></td></tr></table><p class="totop"><a href="#summary">back to summary</a></p></body></html>