<?xml version="1.0" encoding="UTF-8"?>
<testng-results skipped="0" failed="1" total="1" passed="0">
  <reporter-output>
  </reporter-output>
  <suite name="IATSuite" duration-ms="12465" started-at="2014-10-08T23:51:38Z" finished-at="2014-10-08T23:51:51Z">
    <groups>
    </groups>
    <test name="Test_WIN7_6.1_32Bit__Chr_37.0_32Bit" duration-ms="12465" started-at="2014-10-08T23:51:38Z" finished-at="2014-10-08T23:51:51Z">
      <class name="Test.IAT_ItemBankSuite_State">
        <test-method status="PASS" signature="beforeClass(java.lang.String, java.lang.String, java.lang.String, java.lang.String, java.lang.String)[pri:0, instance:Test.IAT_ItemBankSuite_State@2657cc]" name="beforeClass" is-config="true" duration-ms="8" started-at="2014-10-08T18:51:38Z" finished-at="2014-10-08T18:51:38Z">
          <params>
            <param index="0">
              <value>
                <![CDATA[CHROME]]>
              </value>
            </param>
            <param index="1">
              <value>
                <![CDATA[WINDOWS7]]>
              </value>
            </param>
            <param index="2">
              <value>
                <![CDATA[WIN7:6.1:32Bit::Chr:37.0:32Bit]]>
              </value>
            </param>
            <param index="3">
              <value>
                <![CDATA[default]]>
              </value>
            </param>
            <param index="4">
              <value>
                <![CDATA[LOCALHOST:4444]]>
              </value>
            </param>
          </params>
          <reporter-output>
          </reporter-output>
        </test-method> <!-- beforeClass -->
        <test-method status="FAIL" signature="TC_Item_HideComment_State()[pri:0, instance:Test.IAT_ItemBankSuite_State@2657cc]" name="TC_Item_HideComment_State" duration-ms="10059" started-at="2014-10-08T18:51:38Z" finished-at="2014-10-08T18:51:48Z">
          <exception class="java.lang.AssertionError">
            <message>
              <![CDATA[TestCase execution failed.More Than 3 steps failed. Aborting the test The Failed Steps are 2, 
3, 
4, 
5, 
]]>
            </message>
            <full-stacktrace>
              <![CDATA[java.lang.AssertionError: TestCase execution failed.More Than 3 steps failed. Aborting the test The Failed Steps are 2, 
3, 
4, 
5, 

	at org.testng.Assert.fail(Assert.java:83)
	at com.drc.wtf.testmanagement.BaseTestCase.executeTest(BaseTestCase.java:185)
	at Test.IAT_ItemBankSuite_State.TC_Item_HideComment_State(IAT_ItemBankSuite_State.java:19)
	at sun.reflect.NativeMethodAccessorImpl.invoke0(Native Method)
	at sun.reflect.NativeMethodAccessorImpl.invoke(NativeMethodAccessorImpl.java:62)
	at sun.reflect.DelegatingMethodAccessorImpl.invoke(DelegatingMethodAccessorImpl.java:43)
	at java.lang.reflect.Method.invoke(Method.java:483)
	at org.testng.internal.MethodInvocationHelper.invokeMethod(MethodInvocationHelper.java:84)
	at org.testng.internal.Invoker.invokeMethod(Invoker.java:714)
	at org.testng.internal.Invoker.invokeTestMethod(Invoker.java:901)
	at org.testng.internal.Invoker.invokeTestMethods(Invoker.java:1231)
	at org.testng.internal.TestMethodWorker.invokeTestMethods(TestMethodWorker.java:127)
	at org.testng.internal.TestMethodWorker.run(TestMethodWorker.java:111)
	at java.util.concurrent.ThreadPoolExecutor.runWorker(ThreadPoolExecutor.java:1142)
	at java.util.concurrent.ThreadPoolExecutor$Worker.run(ThreadPoolExecutor.java:617)
	at java.lang.Thread.run(Thread.java:745)
Caused by: com.drc.wtf.exceptions.TestCaseFailureException: TestCase execution failed.
****************Test Case Execution Starting****************
Start executing Test Case : TC_Item_HideComment_State from Test Suite : IAT_ItemBankSuite_State
********************Step Failure********************
Step # 2--> Test failed for action: EnterText
 on field: Text_EmailAddress with value of: TestUser@drc-mn.com
Screenshot saved at: 
\\sqafs01\qadoc\DRCAutomation\DRCWebTestingFrameWork\IAT\TestResult\apeterson-10-08-2014_185134\VISTA\chrome\TC_Item_HideComment_State\ScreenShot\Step#2.BMP
********************Step Failure********************
Step # 3--> Test failed for action: EnterText
 on field: Text_Password with value of: Testing123
Screenshot saved at: 
\\sqafs01\qadoc\DRCAutomation\DRCWebTestingFrameWork\IAT\TestResult\apeterson-10-08-2014_185134\VISTA\chrome\TC_Item_HideComment_State\ScreenShot\Step#3.BMP
********************Step Failure********************
Step # 4--> Test failed for action: Click
 on field: Button_Logon with value of: 
Screenshot saved at: 
\\sqafs01\qadoc\DRCAutomation\DRCWebTestingFrameWork\IAT\TestResult\apeterson-10-08-2014_185134\VISTA\chrome\TC_Item_HideComment_State\ScreenShot\Step#4.BMP
********************Step Failure********************
Step # 5--> Test failed for action: Click
 on field: Radio_1stProfile with value of: 4
Screenshot saved at: 
\\sqafs01\qadoc\DRCAutomation\DRCWebTestingFrameWork\IAT\TestResult\apeterson-10-08-2014_185134\VISTA\chrome\TC_Item_HideComment_State\ScreenShot\Step#5.BMP
***Aborting Test***
More Than 3 steps failed. Aborting the test The Failed Steps are 2, 
3, 
4, 
5, 

End executing Test Case : TC_Item_HideComment_State from Test Suite : IAT_ItemBankSuite_State
TestCase Failed: TC_Item_HideComment_State



********************Step Failure********************
--------------Exception details for:-------------------
Step # 2--> Test failed for action: EnterText
 on field: Text_EmailAddress with value of: TestUser@drc-mn.com

Step # 2-->EnterText>> is not a keyword in the Testing Framework
Step # 2--> Test failed

********************Step Failure********************
--------------Exception details for:-------------------
Step # 3--> Test failed for action: EnterText
 on field: Text_Password with value of: Testing123

Step # 3-->EnterText>> is not a keyword in the Testing Framework
Step # 3--> Test failed

********************Step Failure********************
--------------Exception details for:-------------------
Step # 4--> Test failed for action: Click
 on field: Button_Logon with value of: 

Step # 4-->Click>> is not a keyword in the Testing Framework
Step # 4--> Test failed

********************Step Failure********************
--------------Exception details for:-------------------
Step # 5--> Test failed for action: Click
 on field: Radio_1stProfile with value of: 4

Step # 5-->Click>> is not a keyword in the Testing Framework
Step # 5--> Test failed

	at com.drc.wtf.testmanagement.BaseTestCase.executeTest(BaseTestCase.java:180)
	... 14 more
]]>
            </full-stacktrace>
          </exception> <!-- java.lang.AssertionError -->
          <reporter-output>
          </reporter-output>
        </test-method> <!-- TC_Item_HideComment_State -->
        <test-method status="PASS" signature="afterTest()[pri:0, instance:Test.IAT_ItemBankSuite_State@2657cc]" name="afterTest" is-config="true" duration-ms="2369" started-at="2014-10-08T18:51:48Z" finished-at="2014-10-08T18:51:51Z">
          <reporter-output>
          </reporter-output>
        </test-method> <!-- afterTest -->
      </class> <!-- Test.IAT_ItemBankSuite_State -->
    </test> <!-- Test_WIN7_6.1_32Bit__Chr_37.0_32Bit -->
  </suite> <!-- IATSuite -->
</testng-results>
