<html>
<head>
<title>TestNG:  Test_WIN7_6.1_32Bit__Chr_37.0_32Bit</title>
<link href="../testng.css" rel="stylesheet" type="text/css" />
<link href="../my-testng.css" rel="stylesheet" type="text/css" />

<style type="text/css">
.log { display: none;} 
.stack-trace { display: none;} 
</style>
<script type="text/javascript">
<!--
function flip(e) {
  current = e.style.display;
  if (current == 'block') {
    e.style.display = 'none';
    return 0;
  }
  else {
    e.style.display = 'block';
    return 1;
  }
}

function toggleBox(szDivId, elem, msg1, msg2)
{
  var res = -1;  if (document.getElementById) {
    res = flip(document.getElementById(szDivId));
  }
  else if (document.all) {
    // this is the way old msie versions work
    res = flip(document.all[szDivId]);
  }
  if(elem) {
    if(res == 0) elem.innerHTML = msg1; else elem.innerHTML = msg2;
  }

}

function toggleAllBoxes() {
  if (document.getElementsByTagName) {
    d = document.getElementsByTagName('div');
    for (i = 0; i < d.length; i++) {
      if (d[i].className == 'log') {
        flip(d[i]);
      }
    }
  }
}

// -->
</script>

</head>
<body>
<h2 align='center'>Test_WIN7_6.1_32Bit__Chr_37.0_32Bit</h2><table border='1' align="center">
<tr>
<td>Tests passed/Failed/Skipped:</td><td>0/1/0</td>
</tr><tr>
<td>Started on:</td><td>Wed Oct 08 18:51:38 CDT 2014</td>
</tr>
<tr><td>Total time:</td><td>12 seconds (12465 ms)</td>
</tr><tr>
<td>Included groups:</td><td></td>
</tr><tr>
<td>Excluded groups:</td><td></td>
</tr>
</table><p/>
<small><i>(Hover the method name to see the test class name)</i></small><p/>
<table width='100%' border='1' class='invocation-failed'>
<tr><td colspan='4' align='center'><b>FAILED TESTS</b></td></tr>
<tr><td><b>Test method</b></td>
<td width="30%"><b>Exception</b></td>
<td width="10%"><b>Time (seconds)</b></td>
<td><b>Instance</b></td>
</tr>
<tr>
<td title='Test.IAT_ItemBankSuite_State.TC_Item_HideComment_State()'><b>TC_Item_HideComment_State</b><br>Test class: Test.IAT_ItemBankSuite_State</td>
<td><div><pre>java.lang.AssertionError: TestCase execution failed.More Than 3 steps failed. Aborting the test The Failed Steps are 2, 
3, 
4, 
5, 

	at com.drc.wtf.testmanagement.BaseTestCase.executeTest(BaseTestCase.java:185)
	at Test.IAT_ItemBankSuite_State.TC_Item_HideComment_State(IAT_ItemBankSuite_State.java:19)
	at java.util.concurrent.ThreadPoolExecutor.runWorker(ThreadPoolExecutor.java:1142)
	at java.util.concurrent.ThreadPoolExecutor$Worker.run(ThreadPoolExecutor.java:617)
	at java.lang.Thread.run(Thread.java:745)
Caused by: com.drc.wtf.exceptions.TestCaseFailureException: TestCase execution failed.
****************Test Case Execution Starting****************
Start executing Test Case : TC_Item_HideComment_State from Test Suite : IAT_ItemBankSuite_State
********************Step Failure********************
Step # 2--&gt; Test failed for action: EnterText
 on field: Text_EmailAddress with value of: TestUser@drc-mn.com
Screenshot saved at: 
\\sqafs01\qadoc\DRCAutomation\DRCWebTestingFrameWork\IAT\TestResult\apeterson-10-08-2014_185134\VISTA\chrome\TC_Item_HideComment_State\ScreenShot\Step#2.BMP
********************Step Failure********************
Step # 3--&gt; Test failed for action: EnterText
 on field: Text_Password with value of: Testing123
Screenshot saved at: 
\\sqafs01\qadoc\DRCAutomation\DRCWebTestingFrameWork\IAT\TestResult\apeterson-10-08-2014_185134\VISTA\chrome\TC_Item_HideComment_State\ScreenShot\Step#3.BMP
********************Step Failure********************
Step # 4--&gt; Test failed for action: Click
 on field: Button_Logon with value of: 
Screenshot saved at: 
\\sqafs01\qadoc\DRCAutomation\DRCWebTestingFrameWork\IAT\TestResult\apeterson-10-08-2014_185134\VISTA\chrome\TC_Item_HideComment_State\ScreenShot\Step#4.BMP
********************Step Failure********************
Step # 5--&gt; Test failed for action: Click
 on field: Radio_1stProfile with value of: 4
Screenshot saved at: 
\\sqafs01\qadoc\DRCAutomation\DRCWebTestingFrameWork\IAT\TestResult\apeterson-10-08-2014_185134\VISTA\chrome\TC_Item_HideComment_State\ScreenShot\Step#5.BMP
***Aborting Test***
More Than 3 steps failed. Aborting the test The Failed Steps are 2, 
3, 
4, 
5, 

End executing Test Case : TC_Item_HideComment_State from Test Suite : IAT_ItemBankSuite_State
TestCase Failed: TC_Item_HideComment_State



********************Step Failure********************
--------------Exception details for:-------------------
Step # 2--&gt; Test failed for action: EnterText
 on field: Text_EmailAddress with value of: TestUser@drc-mn.com

Step # 2--&gt;EnterText&gt;&gt; is not a keyword in the Testing Framework
Step # 2--&gt; Test failed

********************Step Failure********************
--------------Exception details for:-------------------
Step # 3--&gt; Test failed for action: EnterText
 on field: Text_Password with value of: Testing123

Step # 3--&gt;EnterText&gt;&gt; is not a keyword in the Testing Framework
Step # 3--&gt; Test failed

********************Step Failure********************
--------------Exception details for:-------------------
Step # 4--&gt; Test failed for action: Click
 on field: Button_Logon with value of: 

Step # 4--&gt;Click&gt;&gt; is not a keyword in the Testing Framework
Step # 4--&gt; Test failed

********************Step Failure********************
--------------Exception details for:-------------------
Step # 5--&gt; Test failed for action: Click
 on field: Radio_1stProfile with value of: 4

Step # 5--&gt;Click&gt;&gt; is not a keyword in the Testing Framework
Step # 5--&gt; Test failed

	at com.drc.wtf.testmanagement.BaseTestCase.executeTest(BaseTestCase.java:180)
	... 14 more
... Removed 11 stack frames</pre></div><a href='#' onClick='toggleBox("stack-trace4525210", this, "Click to show all stack frames", "Click to hide stack frames")'>Click to show all stack frames</a>
<div class='stack-trace' id='stack-trace4525210'><pre>java.lang.AssertionError: TestCase execution failed.More Than 3 steps failed. Aborting the test The Failed Steps are 2, 
3, 
4, 
5, 

	at org.testng.Assert.fail(Assert.java:83)
	at com.drc.wtf.testmanagement.BaseTestCase.executeTest(BaseTestCase.java:185)
	at Test.IAT_ItemBankSuite_State.TC_Item_HideComment_State(IAT_ItemBankSuite_State.java:19)
	at sun.reflect.NativeMethodAccessorImpl.invoke0(Native Method)
	at sun.reflect.NativeMethodAccessorImpl.invoke(NativeMethodAccessorImpl.java:62)
	at sun.reflect.DelegatingMethodAccessorImpl.invoke(DelegatingMethodAccessorImpl.java:43)
	at java.lang.reflect.Method.invoke(Method.java:483)
	at org.testng.internal.MethodInvocationHelper.invokeMethod(MethodInvocationHelper.java:84)
	at org.testng.internal.Invoker.invokeMethod(Invoker.java:714)
	at org.testng.internal.Invoker.invokeTestMethod(Invoker.java:901)
	at org.testng.internal.Invoker.invokeTestMethods(Invoker.java:1231)
	at org.testng.internal.TestMethodWorker.invokeTestMethods(TestMethodWorker.java:127)
	at org.testng.internal.TestMethodWorker.run(TestMethodWorker.java:111)
	at java.util.concurrent.ThreadPoolExecutor.runWorker(ThreadPoolExecutor.java:1142)
	at java.util.concurrent.ThreadPoolExecutor$Worker.run(ThreadPoolExecutor.java:617)
	at java.lang.Thread.run(Thread.java:745)
Caused by: com.drc.wtf.exceptions.TestCaseFailureException: TestCase execution failed.
****************Test Case Execution Starting****************
Start executing Test Case : TC_Item_HideComment_State from Test Suite : IAT_ItemBankSuite_State
********************Step Failure********************
Step # 2--&gt; Test failed for action: EnterText
 on field: Text_EmailAddress with value of: TestUser@drc-mn.com
Screenshot saved at: 
\\sqafs01\qadoc\DRCAutomation\DRCWebTestingFrameWork\IAT\TestResult\apeterson-10-08-2014_185134\VISTA\chrome\TC_Item_HideComment_State\ScreenShot\Step#2.BMP
********************Step Failure********************
Step # 3--&gt; Test failed for action: EnterText
 on field: Text_Password with value of: Testing123
Screenshot saved at: 
\\sqafs01\qadoc\DRCAutomation\DRCWebTestingFrameWork\IAT\TestResult\apeterson-10-08-2014_185134\VISTA\chrome\TC_Item_HideComment_State\ScreenShot\Step#3.BMP
********************Step Failure********************
Step # 4--&gt; Test failed for action: Click
 on field: Button_Logon with value of: 
Screenshot saved at: 
\\sqafs01\qadoc\DRCAutomation\DRCWebTestingFrameWork\IAT\TestResult\apeterson-10-08-2014_185134\VISTA\chrome\TC_Item_HideComment_State\ScreenShot\Step#4.BMP
********************Step Failure********************
Step # 5--&gt; Test failed for action: Click
 on field: Radio_1stProfile with value of: 4
Screenshot saved at: 
\\sqafs01\qadoc\DRCAutomation\DRCWebTestingFrameWork\IAT\TestResult\apeterson-10-08-2014_185134\VISTA\chrome\TC_Item_HideComment_State\ScreenShot\Step#5.BMP
***Aborting Test***
More Than 3 steps failed. Aborting the test The Failed Steps are 2, 
3, 
4, 
5, 

End executing Test Case : TC_Item_HideComment_State from Test Suite : IAT_ItemBankSuite_State
TestCase Failed: TC_Item_HideComment_State



********************Step Failure********************
--------------Exception details for:-------------------
Step # 2--&gt; Test failed for action: EnterText
 on field: Text_EmailAddress with value of: TestUser@drc-mn.com

Step # 2--&gt;EnterText&gt;&gt; is not a keyword in the Testing Framework
Step # 2--&gt; Test failed

********************Step Failure********************
--------------Exception details for:-------------------
Step # 3--&gt; Test failed for action: EnterText
 on field: Text_Password with value of: Testing123

Step # 3--&gt;EnterText&gt;&gt; is not a keyword in the Testing Framework
Step # 3--&gt; Test failed

********************Step Failure********************
--------------Exception details for:-------------------
Step # 4--&gt; Test failed for action: Click
 on field: Button_Logon with value of: 

Step # 4--&gt;Click&gt;&gt; is not a keyword in the Testing Framework
Step # 4--&gt; Test failed

********************Step Failure********************
--------------Exception details for:-------------------
Step # 5--&gt; Test failed for action: Click
 on field: Radio_1stProfile with value of: 4

Step # 5--&gt;Click&gt;&gt; is not a keyword in the Testing Framework
Step # 5--&gt; Test failed

	at com.drc.wtf.testmanagement.BaseTestCase.executeTest(BaseTestCase.java:180)
	... 14 more
</pre></div></td>
<td>10</td>
<td>Test.IAT_ItemBankSuite_State@2657cc</td></tr>
</table><p>
</body>
</html>